<?xml version="1.0" encoding="UTF-8"?>
<testsuite xmlns:xsi="http://www.w3.org/2001/XMLSchema-instance" xsi:noNamespaceSchemaLocation="https://maven.apache.org/surefire/maven-surefire-plugin/xsd/surefire-test-report.xsd" name="com.itheima.SpringbootMybatisCrudApplicationTests" time="2.899" tests="2" errors="1" skipped="0" failures="0">
  <properties>
    <property name="java.specification.version" value="17"/>
    <property name="sun.cpu.isalist" value="amd64"/>
    <property name="sun.jnu.encoding" value="GBK"/>
    <property name="java.class.path" value="E:\project\project03\springboot-mybatis-crud\target\test-classes;E:\project\project03\springboot-mybatis-crud\target\classes;D:\java\apache-maven-3.6.1\mvn_resp\org\mybatis\spring\boot\mybatis-spring-boot-starter\3.0.0\mybatis-spring-boot-starter-3.0.0.jar;D:\java\apache-maven-3.6.1\mvn_resp\org\springframework\boot\spring-boot-starter\3.0.5\spring-boot-starter-3.0.5.jar;D:\java\apache-maven-3.6.1\mvn_resp\org\springframework\boot\spring-boot\3.0.5\spring-boot-3.0.5.jar;D:\java\apache-maven-3.6.1\mvn_resp\org\springframework\spring-context\6.0.7\spring-context-6.0.7.jar;D:\java\apache-maven-3.6.1\mvn_resp\org\springframework\spring-aop\6.0.7\spring-aop-6.0.7.jar;D:\java\apache-maven-3.6.1\mvn_resp\org\springframework\spring-expression\6.0.7\spring-expression-6.0.7.jar;D:\java\apache-maven-3.6.1\mvn_resp\org\springframework\boot\spring-boot-autoconfigure\3.0.5\spring-boot-autoconfigure-3.0.5.jar;D:\java\apache-maven-3.6.1\mvn_resp\org\springframework\boot\spring-boot-starter-logging\3.0.5\spring-boot-starter-logging-3.0.5.jar;D:\java\apache-maven-3.6.1\mvn_resp\ch\qos\logback\logback-classic\1.4.6\logback-classic-1.4.6.jar;D:\java\apache-maven-3.6.1\mvn_resp\ch\qos\logback\logback-core\1.4.6\logback-core-1.4.6.jar;D:\java\apache-maven-3.6.1\mvn_resp\org\apache\logging\log4j\log4j-to-slf4j\2.19.0\log4j-to-slf4j-2.19.0.jar;D:\java\apache-maven-3.6.1\mvn_resp\org\apache\logging\log4j\log4j-api\2.19.0\log4j-api-2.19.0.jar;D:\java\apache-maven-3.6.1\mvn_resp\org\slf4j\jul-to-slf4j\2.0.7\jul-to-slf4j-2.0.7.jar;D:\java\apache-maven-3.6.1\mvn_resp\jakarta\annotation\jakarta.annotation-api\2.1.1\jakarta.annotation-api-2.1.1.jar;D:\java\apache-maven-3.6.1\mvn_resp\org\yaml\snakeyaml\1.33\snakeyaml-1.33.jar;D:\java\apache-maven-3.6.1\mvn_resp\org\springframework\boot\spring-boot-starter-jdbc\3.0.5\spring-boot-starter-jdbc-3.0.5.jar;D:\java\apache-maven-3.6.1\mvn_resp\com\zaxxer\HikariCP\5.0.1\HikariCP-5.0.1.jar;D:\java\apache-maven-3.6.1\mvn_resp\org\springframework\spring-jdbc\6.0.7\spring-jdbc-6.0.7.jar;D:\java\apache-maven-3.6.1\mvn_resp\org\springframework\spring-beans\6.0.7\spring-beans-6.0.7.jar;D:\java\apache-maven-3.6.1\mvn_resp\org\springframework\spring-tx\6.0.7\spring-tx-6.0.7.jar;D:\java\apache-maven-3.6.1\mvn_resp\org\mybatis\spring\boot\mybatis-spring-boot-autoconfigure\3.0.0\mybatis-spring-boot-autoconfigure-3.0.0.jar;D:\java\apache-maven-3.6.1\mvn_resp\org\mybatis\mybatis\3.5.11\mybatis-3.5.11.jar;D:\java\apache-maven-3.6.1\mvn_resp\org\mybatis\mybatis-spring\3.0.0\mybatis-spring-3.0.0.jar;D:\java\apache-maven-3.6.1\mvn_resp\com\mysql\mysql-connector-j\8.0.32\mysql-connector-j-8.0.32.jar;D:\java\apache-maven-3.6.1\mvn_resp\org\projectlombok\lombok\1.18.26\lombok-1.18.26.jar;D:\java\apache-maven-3.6.1\mvn_resp\org\springframework\boot\spring-boot-starter-test\3.0.5\spring-boot-starter-test-3.0.5.jar;D:\java\apache-maven-3.6.1\mvn_resp\org\springframework\boot\spring-boot-test\3.0.5\spring-boot-test-3.0.5.jar;D:\java\apache-maven-3.6.1\mvn_resp\org\springframework\boot\spring-boot-test-autoconfigure\3.0.5\spring-boot-test-autoconfigure-3.0.5.jar;D:\java\apache-maven-3.6.1\mvn_resp\com\jayway\jsonpath\json-path\2.7.0\json-path-2.7.0.jar;D:\java\apache-maven-3.6.1\mvn_resp\net\minidev\json-smart\2.4.10\json-smart-2.4.10.jar;D:\java\apache-maven-3.6.1\mvn_resp\net\minidev\accessors-smart\2.4.9\accessors-smart-2.4.9.jar;D:\java\apache-maven-3.6.1\mvn_resp\org\ow2\asm\asm\9.3\asm-9.3.jar;D:\java\apache-maven-3.6.1\mvn_resp\org\slf4j\slf4j-api\2.0.7\slf4j-api-2.0.7.jar;D:\java\apache-maven-3.6.1\mvn_resp\jakarta\xml\bind\jakarta.xml.bind-api\4.0.0\jakarta.xml.bind-api-4.0.0.jar;D:\java\apache-maven-3.6.1\mvn_resp\jakarta\activation\jakarta.activation-api\2.1.1\jakarta.activation-api-2.1.1.jar;D:\java\apache-maven-3.6.1\mvn_resp\org\assertj\assertj-core\3.23.1\assertj-core-3.23.1.jar;D:\java\apache-maven-3.6.1\mvn_resp\net\bytebuddy\byte-buddy\1.12.23\byte-buddy-1.12.23.jar;D:\java\apache-maven-3.6.1\mvn_resp\org\hamcrest\hamcrest\2.2\hamcrest-2.2.jar;D:\java\apache-maven-3.6.1\mvn_resp\org\junit\jupiter\junit-jupiter\5.9.2\junit-jupiter-5.9.2.jar;D:\java\apache-maven-3.6.1\mvn_resp\org\junit\jupiter\junit-jupiter-api\5.9.2\junit-jupiter-api-5.9.2.jar;D:\java\apache-maven-3.6.1\mvn_resp\org\opentest4j\opentest4j\1.2.0\opentest4j-1.2.0.jar;D:\java\apache-maven-3.6.1\mvn_resp\org\junit\platform\junit-platform-commons\1.9.2\junit-platform-commons-1.9.2.jar;D:\java\apache-maven-3.6.1\mvn_resp\org\apiguardian\apiguardian-api\1.1.2\apiguardian-api-1.1.2.jar;D:\java\apache-maven-3.6.1\mvn_resp\org\junit\jupiter\junit-jupiter-params\5.9.2\junit-jupiter-params-5.9.2.jar;D:\java\apache-maven-3.6.1\mvn_resp\org\junit\jupiter\junit-jupiter-engine\5.9.2\junit-jupiter-engine-5.9.2.jar;D:\java\apache-maven-3.6.1\mvn_resp\org\junit\platform\junit-platform-engine\1.9.2\junit-platform-engine-1.9.2.jar;D:\java\apache-maven-3.6.1\mvn_resp\org\mockito\mockito-core\4.8.1\mockito-core-4.8.1.jar;D:\java\apache-maven-3.6.1\mvn_resp\net\bytebuddy\byte-buddy-agent\1.12.23\byte-buddy-agent-1.12.23.jar;D:\java\apache-maven-3.6.1\mvn_resp\org\objenesis\objenesis\3.2\objenesis-3.2.jar;D:\java\apache-maven-3.6.1\mvn_resp\org\mockito\mockito-junit-jupiter\4.8.1\mockito-junit-jupiter-4.8.1.jar;D:\java\apache-maven-3.6.1\mvn_resp\org\skyscreamer\jsonassert\1.5.1\jsonassert-1.5.1.jar;D:\java\apache-maven-3.6.1\mvn_resp\com\vaadin\external\google\android-json\0.0.20131108.vaadin1\android-json-0.0.20131108.vaadin1.jar;D:\java\apache-maven-3.6.1\mvn_resp\org\springframework\spring-core\6.0.7\spring-core-6.0.7.jar;D:\java\apache-maven-3.6.1\mvn_resp\org\springframework\spring-jcl\6.0.7\spring-jcl-6.0.7.jar;D:\java\apache-maven-3.6.1\mvn_resp\org\springframework\spring-test\6.0.7\spring-test-6.0.7.jar;D:\java\apache-maven-3.6.1\mvn_resp\org\xmlunit\xmlunit-core\2.9.1\xmlunit-core-2.9.1.jar;"/>
    <property name="java.vm.vendor" value="Oracle Corporation"/>
    <property name="sun.arch.data.model" value="64"/>
    <property name="user.variant" value=""/>
    <property name="java.vendor.url" value="https://java.oracle.com/"/>
    <property name="user.timezone" value="Asia/Shanghai"/>
    <property name="os.name" value="Windows 10"/>
    <property name="java.vm.specification.version" value="17"/>
    <property name="sun.java.launcher" value="SUN_STANDARD"/>
    <property name="user.country" value="CN"/>
    <property name="sun.boot.library.path" value="D:\Java\jdk17\bin"/>
    <property name="sun.java.command" value="C:\Users\无敌\AppData\Local\Temp\surefire17504615903057123159\surefirebooter7507103022108495251.jar C:\Users\无敌\AppData\Local\Temp\surefire17504615903057123159 2023-04-01T09-51-59_904-jvmRun1 surefire2209107895718992330tmp surefire_011787706895778724792tmp"/>
    <property name="jdk.debug" value="release"/>
    <property name="surefire.test.class.path" value="E:\project\project03\springboot-mybatis-crud\target\test-classes;E:\project\project03\springboot-mybatis-crud\target\classes;D:\java\apache-maven-3.6.1\mvn_resp\org\mybatis\spring\boot\mybatis-spring-boot-starter\3.0.0\mybatis-spring-boot-starter-3.0.0.jar;D:\java\apache-maven-3.6.1\mvn_resp\org\springframework\boot\spring-boot-starter\3.0.5\spring-boot-starter-3.0.5.jar;D:\java\apache-maven-3.6.1\mvn_resp\org\springframework\boot\spring-boot\3.0.5\spring-boot-3.0.5.jar;D:\java\apache-maven-3.6.1\mvn_resp\org\springframework\spring-context\6.0.7\spring-context-6.0.7.jar;D:\java\apache-maven-3.6.1\mvn_resp\org\springframework\spring-aop\6.0.7\spring-aop-6.0.7.jar;D:\java\apache-maven-3.6.1\mvn_resp\org\springframework\spring-expression\6.0.7\spring-expression-6.0.7.jar;D:\java\apache-maven-3.6.1\mvn_resp\org\springframework\boot\spring-boot-autoconfigure\3.0.5\spring-boot-autoconfigure-3.0.5.jar;D:\java\apache-maven-3.6.1\mvn_resp\org\springframework\boot\spring-boot-starter-logging\3.0.5\spring-boot-starter-logging-3.0.5.jar;D:\java\apache-maven-3.6.1\mvn_resp\ch\qos\logback\logback-classic\1.4.6\logback-classic-1.4.6.jar;D:\java\apache-maven-3.6.1\mvn_resp\ch\qos\logback\logback-core\1.4.6\logback-core-1.4.6.jar;D:\java\apache-maven-3.6.1\mvn_resp\org\apache\logging\log4j\log4j-to-slf4j\2.19.0\log4j-to-slf4j-2.19.0.jar;D:\java\apache-maven-3.6.1\mvn_resp\org\apache\logging\log4j\log4j-api\2.19.0\log4j-api-2.19.0.jar;D:\java\apache-maven-3.6.1\mvn_resp\org\slf4j\jul-to-slf4j\2.0.7\jul-to-slf4j-2.0.7.jar;D:\java\apache-maven-3.6.1\mvn_resp\jakarta\annotation\jakarta.annotation-api\2.1.1\jakarta.annotation-api-2.1.1.jar;D:\java\apache-maven-3.6.1\mvn_resp\org\yaml\snakeyaml\1.33\snakeyaml-1.33.jar;D:\java\apache-maven-3.6.1\mvn_resp\org\springframework\boot\spring-boot-starter-jdbc\3.0.5\spring-boot-starter-jdbc-3.0.5.jar;D:\java\apache-maven-3.6.1\mvn_resp\com\zaxxer\HikariCP\5.0.1\HikariCP-5.0.1.jar;D:\java\apache-maven-3.6.1\mvn_resp\org\springframework\spring-jdbc\6.0.7\spring-jdbc-6.0.7.jar;D:\java\apache-maven-3.6.1\mvn_resp\org\springframework\spring-beans\6.0.7\spring-beans-6.0.7.jar;D:\java\apache-maven-3.6.1\mvn_resp\org\springframework\spring-tx\6.0.7\spring-tx-6.0.7.jar;D:\java\apache-maven-3.6.1\mvn_resp\org\mybatis\spring\boot\mybatis-spring-boot-autoconfigure\3.0.0\mybatis-spring-boot-autoconfigure-3.0.0.jar;D:\java\apache-maven-3.6.1\mvn_resp\org\mybatis\mybatis\3.5.11\mybatis-3.5.11.jar;D:\java\apache-maven-3.6.1\mvn_resp\org\mybatis\mybatis-spring\3.0.0\mybatis-spring-3.0.0.jar;D:\java\apache-maven-3.6.1\mvn_resp\com\mysql\mysql-connector-j\8.0.32\mysql-connector-j-8.0.32.jar;D:\java\apache-maven-3.6.1\mvn_resp\org\projectlombok\lombok\1.18.26\lombok-1.18.26.jar;D:\java\apache-maven-3.6.1\mvn_resp\org\springframework\boot\spring-boot-starter-test\3.0.5\spring-boot-starter-test-3.0.5.jar;D:\java\apache-maven-3.6.1\mvn_resp\org\springframework\boot\spring-boot-test\3.0.5\spring-boot-test-3.0.5.jar;D:\java\apache-maven-3.6.1\mvn_resp\org\springframework\boot\spring-boot-test-autoconfigure\3.0.5\spring-boot-test-autoconfigure-3.0.5.jar;D:\java\apache-maven-3.6.1\mvn_resp\com\jayway\jsonpath\json-path\2.7.0\json-path-2.7.0.jar;D:\java\apache-maven-3.6.1\mvn_resp\net\minidev\json-smart\2.4.10\json-smart-2.4.10.jar;D:\java\apache-maven-3.6.1\mvn_resp\net\minidev\accessors-smart\2.4.9\accessors-smart-2.4.9.jar;D:\java\apache-maven-3.6.1\mvn_resp\org\ow2\asm\asm\9.3\asm-9.3.jar;D:\java\apache-maven-3.6.1\mvn_resp\org\slf4j\slf4j-api\2.0.7\slf4j-api-2.0.7.jar;D:\java\apache-maven-3.6.1\mvn_resp\jakarta\xml\bind\jakarta.xml.bind-api\4.0.0\jakarta.xml.bind-api-4.0.0.jar;D:\java\apache-maven-3.6.1\mvn_resp\jakarta\activation\jakarta.activation-api\2.1.1\jakarta.activation-api-2.1.1.jar;D:\java\apache-maven-3.6.1\mvn_resp\org\assertj\assertj-core\3.23.1\assertj-core-3.23.1.jar;D:\java\apache-maven-3.6.1\mvn_resp\net\bytebuddy\byte-buddy\1.12.23\byte-buddy-1.12.23.jar;D:\java\apache-maven-3.6.1\mvn_resp\org\hamcrest\hamcrest\2.2\hamcrest-2.2.jar;D:\java\apache-maven-3.6.1\mvn_resp\org\junit\jupiter\junit-jupiter\5.9.2\junit-jupiter-5.9.2.jar;D:\java\apache-maven-3.6.1\mvn_resp\org\junit\jupiter\junit-jupiter-api\5.9.2\junit-jupiter-api-5.9.2.jar;D:\java\apache-maven-3.6.1\mvn_resp\org\opentest4j\opentest4j\1.2.0\opentest4j-1.2.0.jar;D:\java\apache-maven-3.6.1\mvn_resp\org\junit\platform\junit-platform-commons\1.9.2\junit-platform-commons-1.9.2.jar;D:\java\apache-maven-3.6.1\mvn_resp\org\apiguardian\apiguardian-api\1.1.2\apiguardian-api-1.1.2.jar;D:\java\apache-maven-3.6.1\mvn_resp\org\junit\jupiter\junit-jupiter-params\5.9.2\junit-jupiter-params-5.9.2.jar;D:\java\apache-maven-3.6.1\mvn_resp\org\junit\jupiter\junit-jupiter-engine\5.9.2\junit-jupiter-engine-5.9.2.jar;D:\java\apache-maven-3.6.1\mvn_resp\org\junit\platform\junit-platform-engine\1.9.2\junit-platform-engine-1.9.2.jar;D:\java\apache-maven-3.6.1\mvn_resp\org\mockito\mockito-core\4.8.1\mockito-core-4.8.1.jar;D:\java\apache-maven-3.6.1\mvn_resp\net\bytebuddy\byte-buddy-agent\1.12.23\byte-buddy-agent-1.12.23.jar;D:\java\apache-maven-3.6.1\mvn_resp\org\objenesis\objenesis\3.2\objenesis-3.2.jar;D:\java\apache-maven-3.6.1\mvn_resp\org\mockito\mockito-junit-jupiter\4.8.1\mockito-junit-jupiter-4.8.1.jar;D:\java\apache-maven-3.6.1\mvn_resp\org\skyscreamer\jsonassert\1.5.1\jsonassert-1.5.1.jar;D:\java\apache-maven-3.6.1\mvn_resp\com\vaadin\external\google\android-json\0.0.20131108.vaadin1\android-json-0.0.20131108.vaadin1.jar;D:\java\apache-maven-3.6.1\mvn_resp\org\springframework\spring-core\6.0.7\spring-core-6.0.7.jar;D:\java\apache-maven-3.6.1\mvn_resp\org\springframework\spring-jcl\6.0.7\spring-jcl-6.0.7.jar;D:\java\apache-maven-3.6.1\mvn_resp\org\springframework\spring-test\6.0.7\spring-test-6.0.7.jar;D:\java\apache-maven-3.6.1\mvn_resp\org\xmlunit\xmlunit-core\2.9.1\xmlunit-core-2.9.1.jar;"/>
    <property name="sun.cpu.endian" value="little"/>
    <property name="user.home" value="C:\Users\无敌"/>
    <property name="user.language" value="zh"/>
    <property name="java.specification.vendor" value="Oracle Corporation"/>
    <property name="java.version.date" value="2021-09-14"/>
    <property name="java.home" value="D:\Java\jdk17"/>
    <property name="file.separator" value="\"/>
    <property name="basedir" value="E:\project\project03\springboot-mybatis-crud"/>
    <property name="java.vm.compressedOopsMode" value="Zero based"/>
    <property name="line.separator" value="&#10;"/>
    <property name="java.vm.specification.vendor" value="Oracle Corporation"/>
    <property name="java.specification.name" value="Java Platform API Specification"/>
    <property name="surefire.real.class.path" value="C:\Users\无敌\AppData\Local\Temp\surefire17504615903057123159\surefirebooter7507103022108495251.jar"/>
    <property name="user.script" value=""/>
    <property name="sun.management.compiler" value="HotSpot 64-Bit Tiered Compilers"/>
    <property name="java.runtime.version" value="17+35-LTS-2724"/>
    <property name="user.name" value="无敌"/>
    <property name="path.separator" value=";"/>
    <property name="os.version" value="10.0"/>
    <property name="java.runtime.name" value="Java(TM) SE Runtime Environment"/>
    <property name="file.encoding" value="GBK"/>
    <property name="java.vm.name" value="Java HotSpot(TM) 64-Bit Server VM"/>
    <property name="localRepository" value="D:\java\apache-maven-3.6.1\mvn_resp"/>
    <property name="java.vendor.url.bug" value="https://bugreport.java.com/bugreport/"/>
    <property name="java.io.tmpdir" value="C:\Users\无敌\AppData\Local\Temp\"/>
    <property name="idea.version" value="2023.1"/>
    <property name="java.version" value="17"/>
    <property name="user.dir" value="E:\project\project03\springboot-mybatis-crud"/>
    <property name="os.arch" value="amd64"/>
    <property name="java.vm.specification.name" value="Java Virtual Machine Specification"/>
    <property name="sun.os.patch.level" value=""/>
    <property name="native.encoding" value="GBK"/>
    <property name="java.library.path" value="D:\Java\jdk17\bin;C:\WINDOWS\Sun\Java\bin;C:\WINDOWS\system32;C:\WINDOWS;D:\linux\vm\bin\;C:\Program Files\Common Files\Oracle\Java\javapath;C:\Windows\system32;C:\Windows;C:\Windows\System32\Wbem;C:\Windows\System32\WindowsPowerShell\v1.0\;C:\Program Files (x86)\NVIDIA Corporation\PhysX\Common;D:\c ja\Microsoft VS Code\bin;C:\mingw64\bin;D:\java\jdk17\bin;C:\WINDOWS\system32;C:\WINDOWS;C:\WINDOWS\System32\Wbem;C:\WINDOWS\System32\WindowsPowerShell\v1.0\;C:\WINDOWS\System32\OpenSSH\;C:\Program Files\Azure Data Studio\bin;D:\java\apache-tomcat-10.1.0\bin;D:\java\apache-maven-3.6.1\bin;D:\mysql\mysql-5.7.24-winx64\bin;E:\远程控制向日葵\Git\cmd;D:\python\py\Scripts\;D:\python\py\;C:\Users\无敌\AppData\Local\Microsoft\WindowsApps;D:\Program Files (x86)\Microsoft VS Code\mingw64\bin;C:\Program Files\Azure Data Studio\bin;D:\vscode\bin;D:\vscode\Microsoft VS Code\bin;D:\vscode\x86_64-8.1.0-release-win32-seh-rt_v6-rev0\mingw64\bin;D:\java\IntelliJ IDEA 2021.3.2\bin;;D:\python\PyCharm 2022.3.1\bin;;D:\c ja\CLion 2022.3\bin;;C:\Users\无敌\AppData\Local\GitHubDesktop\bin;."/>
    <property name="java.vm.info" value="mixed mode, sharing"/>
    <property name="java.vendor" value="Oracle Corporation"/>
    <property name="java.vm.version" value="17+35-LTS-2724"/>
    <property name="sun.io.unicode.encoding" value="UnicodeLittle"/>
    <property name="java.class.version" value="61.0"/>
  </properties>
  <testcase name="testGetById" classname="com.itheima.SpringbootMybatisCrudApplicationTests" time="1.057">
    <error message="&#10;### Error querying database.  Cause: java.sql.SQLSyntaxErrorException: You have an error in your SQL syntax; check the manual that corresponds to your MySQL server version for the right syntax to use near &apos;where id = 12&apos; at line 1&#10;### The error may exist in com/itheima/mapper/EmpMapper.java (best guess)&#10;### The error may involve com.itheima.mapper.EmpMapper.getById-Inline&#10;### The error occurred while setting parameters&#10;### SQL: select * from where id = ?&#10;### Cause: java.sql.SQLSyntaxErrorException: You have an error in your SQL syntax; check the manual that corresponds to your MySQL server version for the right syntax to use near &apos;where id = 12&apos; at line 1&#10;; bad SQL grammar []" type="org.springframework.jdbc.BadSqlGrammarException">org.springframework.jdbc.BadSqlGrammarException: 

### Error querying database.  Cause: java.sql.SQLSyntaxErrorException: You have an error in your SQL syntax; check the manual that corresponds to your MySQL server version for the right syntax to use near 'where id = 12' at line 1
### The error may exist in com/itheima/mapper/EmpMapper.java (best guess)
### The error may involve com.itheima.mapper.EmpMapper.getById-Inline
### The error occurred while setting parameters
### SQL: select * from where id = ?
### Cause: java.sql.SQLSyntaxErrorException: You have an error in your SQL syntax; check the manual that corresponds to your MySQL server version for the right syntax to use near 'where id = 12' at line 1
; bad SQL grammar []
	at com.itheima.SpringbootMybatisCrudApplicationTests.testGetById(SpringbootMybatisCrudApplicationTests.java:22)
Caused by: java.sql.SQLSyntaxErrorException: You have an error in your SQL syntax; check the manual that corresponds to your MySQL server version for the right syntax to use near 'where id = 12' at line 1
	at com.itheima.SpringbootMybatisCrudApplicationTests.testGetById(SpringbootMybatisCrudApplicationTests.java:22)
</error>
    <system-out><![CDATA[09:52:00.986 [main] DEBUG org.springframework.boot.test.context.SpringBootTestContextBootstrapper -- Neither @ContextConfiguration nor @ContextHierarchy found for test class [SpringbootMybatisCrudApplicationTests]: using SpringBootContextLoader
09:52:00.989 [main] DEBUG org.springframework.test.context.support.AbstractContextLoader -- Could not detect default resource locations for test class [com.itheima.SpringbootMybatisCrudApplicationTests]: no resource found for suffixes {-context.xml, Context.groovy}.
09:52:00.990 [main] INFO org.springframework.test.context.support.AnnotationConfigContextLoaderUtils -- Could not detect default configuration classes for test class [com.itheima.SpringbootMybatisCrudApplicationTests]: SpringbootMybatisCrudApplicationTests does not declare any static, non-private, non-final, nested classes annotated with @Configuration.
09:52:01.019 [main] DEBUG org.springframework.boot.test.context.SpringBootTestContextBootstrapper -- Using ContextCustomizers for test class [SpringbootMybatisCrudApplicationTests]: [ExcludeFilterContextCustomizer, DuplicateJsonObjectContextCustomizer, MockitoContextCustomizer, TestRestTemplateContextCustomizer, DisableObservabilityContextCustomizer, PropertyMappingContextCustomizer, Customizer]
09:52:01.090 [main] DEBUG org.springframework.context.annotation.ClassPathScanningCandidateComponentProvider -- Identified candidate component class: file [E:\project\project03\springboot-mybatis-crud\target\classes\com\itheima\SpringbootMybatisCrudApplication.class]
09:52:01.092 [main] INFO org.springframework.boot.test.context.SpringBootTestContextBootstrapper -- Found @SpringBootConfiguration com.itheima.SpringbootMybatisCrudApplication for test class com.itheima.SpringbootMybatisCrudApplicationTests
09:52:01.206 [main] DEBUG org.springframework.test.context.util.TestContextSpringFactoriesUtils -- Skipping candidate TestExecutionListener [org.springframework.test.context.web.ServletTestExecutionListener] due to a missing dependency. Specify custom TestExecutionListener classes or make the default TestExecutionListener classes and their required dependencies available. Offending class: [jakarta/servlet/ServletContext]
09:52:01.220 [main] DEBUG org.springframework.boot.test.context.SpringBootTestContextBootstrapper -- Using TestExecutionListeners for test class [SpringbootMybatisCrudApplicationTests]: [DirtiesContextBeforeModesTestExecutionListener, ApplicationEventsTestExecutionListener, MockitoTestExecutionListener, DependencyInjectionTestExecutionListener, DirtiesContextTestExecutionListener, TransactionalTestExecutionListener, SqlScriptsTestExecutionListener, EventPublishingTestExecutionListener, ResetMocksTestExecutionListener, RestDocsTestExecutionListener, MockRestServiceServerResetTestExecutionListener, MockMvcPrintOnlyOnFailureTestExecutionListener, WebDriverTestExecutionListener, MockWebServiceServerTestExecutionListener]
09:52:01.222 [main] DEBUG org.springframework.test.context.support.AbstractDirtiesContextTestExecutionListener -- Before test class: class [SpringbootMybatisCrudApplicationTests], class annotated with @DirtiesContext [false] with mode [null]
09:52:01.245 [main] DEBUG org.springframework.test.context.support.DependencyInjectionTestExecutionListener -- Performing dependency injection for test class com.itheima.SpringbootMybatisCrudApplicationTests

  .   ____          _            __ _ _
 /\\ / ___'_ __ _ _(_)_ __  __ _ \ \ \ \
( ( )\___ | '_ | '_| | '_ \/ _` | \ \ \ \
 \\/  ___)| |_)| | | | | || (_| |  ) ) ) )
  '  |____| .__|_| |_|_| |_\__, | / / / /
 =========|_|==============|___/=/_/_/_/
 :: Spring Boot ::                (v3.0.5)

2023-04-01T09:52:01.574+08:00  INFO 12680 --- [           main] .i.SpringbootMybatisCrudApplicationTests : Starting SpringbootMybatisCrudApplicationTests using Java 17 with PID 12680 (started by 无敌 in E:\project\project03\springboot-mybatis-crud)
2023-04-01T09:52:01.576+08:00  INFO 12680 --- [           main] .i.SpringbootMybatisCrudApplicationTests : No active profile set, falling back to 1 default profile: "default"
Logging initialized using 'class org.apache.ibatis.logging.stdout.StdOutImpl' adapter.
2023-04-01T09:52:02.646+08:00  INFO 12680 --- [           main] .i.SpringbootMybatisCrudApplicationTests : Started SpringbootMybatisCrudApplicationTests in 1.372 seconds (process running for 2.384)
Creating a new SqlSession
SqlSession [org.apache.ibatis.session.defaults.DefaultSqlSession@7fad214a] was not registered for synchronization because synchronization is not active
2023-04-01T09:52:03.240+08:00  INFO 12680 --- [           main] com.zaxxer.hikari.HikariDataSource       : HikariPool-1 - Starting...
2023-04-01T09:52:03.518+08:00  INFO 12680 --- [           main] com.zaxxer.hikari.pool.HikariPool        : HikariPool-1 - Added connection com.mysql.cj.jdbc.ConnectionImpl@6b415f5f
2023-04-01T09:52:03.520+08:00  INFO 12680 --- [           main] com.zaxxer.hikari.HikariDataSource       : HikariPool-1 - Start completed.
JDBC Connection [HikariProxyConnection@284456930 wrapping com.mysql.cj.jdbc.ConnectionImpl@6b415f5f] will not be managed by Spring
==>  Preparing: select * from where id = ?
==> Parameters: 12(Integer)
Closing non transactional SqlSession [org.apache.ibatis.session.defaults.DefaultSqlSession@7fad214a]
]]></system-out>
  </testcase>
  <testcase name="testDelete" classname="com.itheima.SpringbootMybatisCrudApplicationTests" time="0.006"/>
</testsuite>